0 info it worked if it ends with ok
1 verbose cli [
1 verbose cli   'S:\\nodejs\\node.exe',
1 verbose cli   'S:\\nodejs\\node_modules\\npm\\bin\\npm-cli.js',
1 verbose cli   'star'
1 verbose cli ]
2 info using npm@6.10.3
3 info using node@v12.10.0
4 verbose npm-session f748907adddd53d1
5 verbose stack Error: npm star [<pkg>...]
5 verbose stack npm unstar [<pkg>...]
5 verbose stack
5 verbose stack alias: unstar
5 verbose stack     at S:\nodejs\node_modules\npm\lib\star.js:35:29
5 verbose stack     at tryCatcher (S:\nodejs\node_modules\npm\node_modules\bluebird\js\release\util.js:16:23)
5 verbose stack     at Function.Promise.attempt.Promise.try (S:\nodejs\node_modules\npm\node_modules\bluebird\js\release\method.js:39:29)
5 verbose stack     at EventEmitter.star (S:\nodejs\node_modules\npm\lib\star.js:34:16)
5 verbose stack     at Object.commandCache.<computed> (S:\nodejs\node_modules\npm\lib\npm.js:156:13)
5 verbose stack     at EventEmitter.<anonymous> (S:\nodejs\node_modules\npm\bin\npm-cli.js:131:30)
5 verbose stack     at processTicksAndRejections (internal/process/task_queues.js:75:11)
6 verbose cwd S:\njspro\bootcamp2020\class02
7 verbose Windows_NT 10.0.18362
8 verbose argv "S:\\nodejs\\node.exe" "S:\\nodejs\\node_modules\\npm\\bin\\npm-cli.js" "star"
9 verbose node v12.10.0
10 verbose npm  v6.10.3
11 error npm star [<pkg>...]
11 error npm unstar [<pkg>...]
11 error
11 error alias: unstar
12 verbose exit [ 1, true ]
